2025-01-13T17:37:38.144+05:30  INFO 13656 --- [A12_PROD_READY_FEATURE] [main] .m.A.A12ProdReadyFeatureApplicationTests : Starting A12ProdReadyFeatureApplicationTests using Java 21.0.4 with PID 13656 (started by Saad badarpura in D:\SPRING-FRAMEWORK\A12_PROD_READY_FEATURE)
2025-01-13T17:37:38.148+05:30  INFO 13656 --- [A12_PROD_READY_FEATURE] [main] .m.A.A12ProdReadyFeatureApplicationTests : No active profile set, falling back to 1 default profile: "default"
2025-01-13T17:37:39.187+05:30  INFO 13656 --- [A12_PROD_READY_FEATURE] [main] .s.d.r.c.RepositoryConfigurationDelegate : Bootstrapping Spring Data JPA repositories in DEFAULT mode.
2025-01-13T17:37:39.286+05:30  INFO 13656 --- [A12_PROD_READY_FEATURE] [main] .s.d.r.c.RepositoryConfigurationDelegate : Finished Spring Data repository scanning in 86 ms. Found 1 JPA repository interface.
2025-01-13T17:37:40.176+05:30  INFO 13656 --- [A12_PROD_READY_FEATURE] [main] o.hibernate.jpa.internal.util.LogHelper  : HHH000204: Processing PersistenceUnitInfo [name: default]
2025-01-13T17:37:40.264+05:30  INFO 13656 --- [A12_PROD_READY_FEATURE] [main] org.hibernate.Version                    : HHH000412: Hibernate ORM core version 6.6.4.Final
2025-01-13T17:37:40.308+05:30  INFO 13656 --- [A12_PROD_READY_FEATURE] [main] o.h.c.internal.RegionFactoryInitiator    : HHH000026: Second-level cache disabled
2025-01-13T17:37:40.473+05:30  INFO 13656 --- [A12_PROD_READY_FEATURE] [main] o.h.e.boot.internal.EnversServiceImpl    : Envers integration enabled? : true
2025-01-13T17:37:40.769+05:30  INFO 13656 --- [A12_PROD_READY_FEATURE] [main] o.s.o.j.p.SpringPersistenceUnitInfo      : No LoadTimeWeaver setup: ignoring JPA class transformer
2025-01-13T17:37:40.816+05:30  INFO 13656 --- [A12_PROD_READY_FEATURE] [main] com.zaxxer.hikari.HikariDataSource       : HikariPool-1 - Starting...
2025-01-13T17:37:41.094+05:30  INFO 13656 --- [A12_PROD_READY_FEATURE] [main] com.zaxxer.hikari.pool.HikariPool        : HikariPool-1 - Added connection com.mysql.cj.jdbc.ConnectionImpl@7bc2bb58
2025-01-13T17:37:41.096+05:30  INFO 13656 --- [A12_PROD_READY_FEATURE] [main] com.zaxxer.hikari.HikariDataSource       : HikariPool-1 - Start completed.
2025-01-13T17:37:41.208+05:30  INFO 13656 --- [A12_PROD_READY_FEATURE] [main] org.hibernate.orm.connections.pooling    : HHH10001005: Database info:
	Database JDBC URL [Connecting through datasource 'HikariDataSource (HikariPool-1)']
	Database driver: undefined/unknown
	Database version: 8.0.36
	Autocommit mode: undefined/unknown
	Isolation level: undefined/unknown
	Minimum pool size: undefined/unknown
	Maximum pool size: undefined/unknown
2025-01-13T17:37:41.626+05:30  INFO 13656 --- [A12_PROD_READY_FEATURE] [main] o.h.e.c.i.m.AuditMetadataGenerator       : Adding properties for entity: com.munaf.A12_PROD_READY_FEATURE.entities.PostEntity
2025-01-13T17:37:42.630+05:30  INFO 13656 --- [A12_PROD_READY_FEATURE] [main] o.h.e.t.j.p.i.JtaPlatformInitiator       : HHH000489: No JTA platform available (set 'hibernate.transaction.jta.platform' to enable JTA platform integration)
2025-01-13T17:37:42.903+05:30  INFO 13656 --- [A12_PROD_READY_FEATURE] [main] j.LocalContainerEntityManagerFactoryBean : Initialized JPA EntityManagerFactory for persistence unit 'default'
2025-01-13T17:37:44.409+05:30  WARN 13656 --- [A12_PROD_READY_FEATURE] [main] JpaBaseConfiguration$JpaWebConfiguration : spring.jpa.open-in-view is enabled by default. Therefore, database queries may be performed during view rendering. Explicitly configure spring.jpa.open-in-view to disable this warning
2025-01-13T17:37:45.022+05:30  INFO 13656 --- [A12_PROD_READY_FEATURE] [main] .m.A.A12ProdReadyFeatureApplicationTests : Started A12ProdReadyFeatureApplicationTests in 7.424 seconds (process running for 9.136)
2025-01-13T17:37:45.871+05:30 ERROR 13656 --- [A12_PROD_READY_FEATURE] [main] c.m.A.clients.impls.EmployeeClientImpl   : error log
2025-01-13T17:37:45.871+05:30  WARN 13656 --- [A12_PROD_READY_FEATURE] [main] c.m.A.clients.impls.EmployeeClientImpl   : warn log
2025-01-13T17:37:45.872+05:30  INFO 13656 --- [A12_PROD_READY_FEATURE] [main] c.m.A.clients.impls.EmployeeClientImpl   : info log
2025-01-13T17:37:45.873+05:30 DEBUG 13656 --- [A12_PROD_READY_FEATURE] [main] c.m.A.clients.impls.EmployeeClientImpl   : debug log
2025-01-13T17:37:45.873+05:30 TRACE 13656 --- [A12_PROD_READY_FEATURE] [main] c.m.A.clients.impls.EmployeeClientImpl   : trace log
2025-01-13T17:37:45.982+05:30 ERROR 13656 --- [A12_PROD_READY_FEATURE] [main] c.m.A.clients.impls.EmployeeClientImpl   : exception in getAllEmployee : I/O error on GET request for "http://localhost:8080/employee/getAllEmployees": null
2025-01-13T17:37:46.030+05:30  INFO 13656 --- [A12_PROD_READY_FEATURE] [SpringApplicationShutdownHook] j.LocalContainerEntityManagerFactoryBean : Closing JPA EntityManagerFactory for persistence unit 'default'
2025-01-13T17:37:46.033+05:30  INFO 13656 --- [A12_PROD_READY_FEATURE] [SpringApplicationShutdownHook] com.zaxxer.hikari.HikariDataSource       : HikariPool-1 - Shutdown initiated...
2025-01-13T17:37:46.047+05:30  INFO 13656 --- [A12_PROD_READY_FEATURE] [SpringApplicationShutdownHook] com.zaxxer.hikari.HikariDataSource       : HikariPool-1 - Shutdown completed.
